INFO [acme.Launcher] Starting Launcher using Java 1.8.0_281 on MSI with PID 10480 (C:\Users\pablo\Desktop\UNIVERSIDAD\IS SOFTWARE III\2CUATRI\DPII\Workspace-21.1\Projects\Acme-Planner\target\classes started by pablo in C:\Users\pablo\Desktop\UNIVERSIDAD\IS SOFTWARE III\2CUATRI\DPII\Workspace-21.1\Projects\Acme-Planner)
INFO [acme.Launcher] The following profiles are active: development,populator
INFO [acme.Launcher] Started Launcher in 8.018 seconds (JVM running for 8.641)
INFO [acme.framework.utilities.DatabasePopulator] Populating sample data
INFO [acme.framework.utilities.DatabasePopulator] Recreating schema
INFO [acme.framework.utilities.DatabasePopulator] Populating entities from classpath:/WEB-INF/population/initial-data.xml
INFO [acme.framework.utilities.DatabasePopulator] Validating your entities.
INFO [acme.framework.utilities.DatabasePopulator] Validating anonymousUserAccount ... PASS
INFO [acme.framework.utilities.DatabasePopulator] Validating anonymousAnonymous ... PASS
INFO [acme.framework.utilities.DatabasePopulator] Validating administratorUserAccount ... PASS
INFO [acme.framework.utilities.DatabasePopulator] Validating administratorAdministrator ... PASS
INFO [acme.framework.utilities.DatabasePopulator] Validating administratorAuthenticated ... PASS
INFO [acme.framework.utilities.DatabasePopulator] Sorting your entities topologically.
INFO [acme.framework.utilities.DatabasePopulator] > Setting index 0 for anonymousUserAccount.
INFO [acme.framework.utilities.DatabasePopulator] > Setting index 1 for anonymousAnonymous.
INFO [acme.framework.utilities.DatabasePopulator] > Setting index 2 for administratorUserAccount.
INFO [acme.framework.utilities.DatabasePopulator] > Setting index 3 for administratorAdministrator.
INFO [acme.framework.utilities.DatabasePopulator] > Setting index 4 for administratorAuthenticated.
INFO [acme.framework.utilities.DatabasePopulator] Persiting your entities.
INFO [acme.framework.utilities.DatabasePopulator] > Persisting anonymousUserAccount = acme.framework.entities.UserAccount{id=1, version=0}
INFO [acme.framework.utilities.DatabasePopulator] > Persisting anonymousAnonymous = acme.framework.entities.Anonymous{id=2, version=0}
INFO [acme.framework.utilities.DatabasePopulator] > Persisting administratorUserAccount = acme.framework.entities.UserAccount{id=3, version=0}
INFO [acme.framework.utilities.DatabasePopulator] > Persisting administratorAdministrator = acme.framework.entities.Administrator{id=4, version=0}
INFO [acme.framework.utilities.DatabasePopulator] > Persisting administratorAuthenticated = acme.framework.entities.Authenticated{id=5, version=0}
INFO [acme.framework.utilities.DatabasePopulator] Populating entities from classpath:/WEB-INF/population/sample-data.xml
INFO [acme.framework.utilities.DatabasePopulator] Validating your entities.
INFO [acme.framework.utilities.DatabasePopulator] Validating task1 ... PASS
INFO [acme.framework.utilities.DatabasePopulator] Validating task2 ... PASS
INFO [acme.framework.utilities.DatabasePopulator] Validating task3 ... PASS
INFO [acme.framework.utilities.DatabasePopulator] Validating task4 ... PASS
INFO [acme.framework.utilities.DatabasePopulator] Validating task5 ... PASS
INFO [acme.framework.utilities.DatabasePopulator] Validating shout1 ... PASS
INFO [acme.framework.utilities.DatabasePopulator] Validating shout2 ... PASS
INFO [acme.framework.utilities.DatabasePopulator] Validating shout3 ... PASS
INFO [acme.framework.utilities.DatabasePopulator] Validating shout4 ... PASS
INFO [acme.framework.utilities.DatabasePopulator] Validating shout5 ... PASS
INFO [acme.framework.utilities.DatabasePopulator] Validating shout6 ... PASS
INFO [acme.framework.utilities.DatabasePopulator] Validating shout7 ... PASS
INFO [acme.framework.utilities.DatabasePopulator] Validating shout8 ... PASS
INFO [acme.framework.utilities.DatabasePopulator] Validating shout9 ... PASS
INFO [acme.framework.utilities.DatabasePopulator] Validating shout10 ... PASS
INFO [acme.framework.utilities.DatabasePopulator] Validating shout11 ... PASS
INFO [acme.framework.utilities.DatabasePopulator] Validating spamword1 ... PASS
INFO [acme.framework.utilities.DatabasePopulator] Validating spamword2 ... PASS
INFO [acme.framework.utilities.DatabasePopulator] Validating spamword3 ... PASS
INFO [acme.framework.utilities.DatabasePopulator] Validating spamword4 ... PASS
INFO [acme.framework.utilities.DatabasePopulator] Validating spamword5 ... PASS
INFO [acme.framework.utilities.DatabasePopulator] Validating spamword6 ... PASS
INFO [acme.framework.utilities.DatabasePopulator] Validating spamword7 ... PASS
INFO [acme.framework.utilities.DatabasePopulator] Validating threshold ... PASS
INFO [acme.framework.utilities.DatabasePopulator] Sorting your entities topologically.
INFO [acme.framework.utilities.DatabasePopulator] > Setting index 0 for task1.
INFO [acme.framework.utilities.DatabasePopulator] > Setting index 1 for task2.
INFO [acme.framework.utilities.DatabasePopulator] > Setting index 2 for task3.
INFO [acme.framework.utilities.DatabasePopulator] > Setting index 3 for task4.
INFO [acme.framework.utilities.DatabasePopulator] > Setting index 4 for task5.
INFO [acme.framework.utilities.DatabasePopulator] > Setting index 5 for shout1.
INFO [acme.framework.utilities.DatabasePopulator] > Setting index 6 for shout2.
INFO [acme.framework.utilities.DatabasePopulator] > Setting index 7 for shout3.
INFO [acme.framework.utilities.DatabasePopulator] > Setting index 8 for shout4.
INFO [acme.framework.utilities.DatabasePopulator] > Setting index 9 for shout5.
INFO [acme.framework.utilities.DatabasePopulator] > Setting index 10 for shout6.
INFO [acme.framework.utilities.DatabasePopulator] > Setting index 11 for shout7.
INFO [acme.framework.utilities.DatabasePopulator] > Setting index 12 for shout8.
INFO [acme.framework.utilities.DatabasePopulator] > Setting index 13 for shout9.
INFO [acme.framework.utilities.DatabasePopulator] > Setting index 14 for shout10.
INFO [acme.framework.utilities.DatabasePopulator] > Setting index 15 for shout11.
INFO [acme.framework.utilities.DatabasePopulator] > Setting index 16 for spamword1.
INFO [acme.framework.utilities.DatabasePopulator] > Setting index 17 for spamword2.
INFO [acme.framework.utilities.DatabasePopulator] > Setting index 18 for spamword3.
INFO [acme.framework.utilities.DatabasePopulator] > Setting index 19 for spamword4.
INFO [acme.framework.utilities.DatabasePopulator] > Setting index 20 for spamword5.
INFO [acme.framework.utilities.DatabasePopulator] > Setting index 21 for spamword6.
INFO [acme.framework.utilities.DatabasePopulator] > Setting index 22 for spamword7.
INFO [acme.framework.utilities.DatabasePopulator] > Setting index 23 for threshold.
INFO [acme.framework.utilities.DatabasePopulator] Persiting your entities.
INFO [acme.framework.utilities.DatabasePopulator] > Persisting task1 = Task [title=Barrer la casa, startDate=Mon Aug 09 15:55:00 CEST 2021, endDate=Mon Aug 09 18:55:00 CEST 2021, workFlow=3.0, description=La casa estaba muy sucia, url=https://www.google.com]
INFO [acme.framework.utilities.DatabasePopulator] > Persisting task2 = Task [title=Hacer de comer, startDate=Wed Jun 09 15:55:00 CEST 2021, endDate=Wed Jun 09 19:55:00 CEST 2021, workFlow=4.0, description=Los ni単os tenian mucha hambre, url=https://www.google.com]
INFO [acme.framework.utilities.DatabasePopulator] > Persisting task3 = Task [title=Pintar la habitacion, startDate=Thu Sep 09 15:55:00 CEST 2021, endDate=Thu Sep 09 16:55:00 CEST 2021, workFlow=1.0, description=La pintura estaba gastada, url=https://www.google.com]
INFO [acme.framework.utilities.DatabasePopulator] > Persisting task4 = Task [title=Pintar el coche, startDate=Tue Mar 09 15:55:00 CET 2021, endDate=Tue Mar 09 16:55:00 CET 2021, workFlow=1.0, description=La pintura estaba gastada, url=https://www.google.com]
INFO [acme.framework.utilities.DatabasePopulator] > Persisting task5 = Task [title=Limpiar ba単os, startDate=Wed Jun 09 15:55:00 CEST 2021, endDate=Tue Jun 15 19:55:00 CEST 2021, workFlow=25.0, description=Cambiar toallas y limpiar WC, url=https://www.google.com]
INFO [acme.framework.utilities.DatabasePopulator] > Persisting shout1 = acme.entities.shouts.Shout{id=11, version=0}
INFO [acme.framework.utilities.DatabasePopulator] > Persisting shout2 = acme.entities.shouts.Shout{id=12, version=0}
INFO [acme.framework.utilities.DatabasePopulator] > Persisting shout3 = acme.entities.shouts.Shout{id=13, version=0}
INFO [acme.framework.utilities.DatabasePopulator] > Persisting shout4 = acme.entities.shouts.Shout{id=14, version=0}
INFO [acme.framework.utilities.DatabasePopulator] > Persisting shout5 = acme.entities.shouts.Shout{id=15, version=0}
INFO [acme.framework.utilities.DatabasePopulator] > Persisting shout6 = acme.entities.shouts.Shout{id=16, version=0}
INFO [acme.framework.utilities.DatabasePopulator] > Persisting shout7 = acme.entities.shouts.Shout{id=17, version=0}
INFO [acme.framework.utilities.DatabasePopulator] > Persisting shout8 = acme.entities.shouts.Shout{id=18, version=0}
INFO [acme.framework.utilities.DatabasePopulator] > Persisting shout9 = acme.entities.shouts.Shout{id=19, version=0}
INFO [acme.framework.utilities.DatabasePopulator] > Persisting shout10 = acme.entities.shouts.Shout{id=20, version=0}
INFO [acme.framework.utilities.DatabasePopulator] > Persisting shout11 = acme.entities.shouts.Shout{id=21, version=0}
INFO [acme.framework.utilities.DatabasePopulator] > Persisting spamword1 = acme.entities.spamfilter.SpamWord{id=22, version=0}
INFO [acme.framework.utilities.DatabasePopulator] > Persisting spamword2 = acme.entities.spamfilter.SpamWord{id=23, version=0}
INFO [acme.framework.utilities.DatabasePopulator] > Persisting spamword3 = acme.entities.spamfilter.SpamWord{id=24, version=0}
INFO [acme.framework.utilities.DatabasePopulator] > Persisting spamword4 = acme.entities.spamfilter.SpamWord{id=25, version=0}
INFO [acme.framework.utilities.DatabasePopulator] > Persisting spamword5 = acme.entities.spamfilter.SpamWord{id=26, version=0}
INFO [acme.framework.utilities.DatabasePopulator] > Persisting spamword6 = acme.entities.spamfilter.SpamWord{id=27, version=0}
INFO [acme.framework.utilities.DatabasePopulator] > Persisting spamword7 = acme.entities.spamfilter.SpamWord{id=28, version=0}
INFO [acme.framework.utilities.DatabasePopulator] > Persisting threshold = acme.entities.spamfilter.Threshold{id=29, version=0}
INFO [acme.framework.configuration.ShutdownConfiguration] The system is shutting down...
ERROR [org.apache.jsp.WEB_002dINF.views.framework.panic_jsp] HTTP GET /Acme-Planner/WEB-INF/views/framework/page.jsp HTTP/1.1
ERROR [org.apache.jsp.WEB_002dINF.views.framework.panic_jsp] Status: 500
ERROR [org.apache.jsp.WEB_002dINF.views.framework.panic_jsp] Exception: java.lang.AssertionError
ERROR [org.apache.jsp.WEB_002dINF.views.framework.panic_jsp] HTTP GET /Acme-Planner/WEB-INF/views/framework/page.jsp HTTP/1.1
ERROR [org.apache.jsp.WEB_002dINF.views.framework.panic_jsp] Status: 500
ERROR [org.apache.jsp.WEB_002dINF.views.framework.panic_jsp] Exception: java.lang.AssertionError
ERROR [org.apache.jsp.WEB_002dINF.views.framework.panic_jsp] HTTP GET /Acme-Planner/WEB-INF/views/framework/page.jsp HTTP/1.1
ERROR [org.apache.jsp.WEB_002dINF.views.framework.panic_jsp] Status: 500
ERROR [org.apache.jsp.WEB_002dINF.views.framework.panic_jsp] Exception: java.lang.AssertionError
ERROR [org.apache.jsp.WEB_002dINF.views.framework.panic_jsp] HTTP GET /Acme-Planner/WEB-INF/views/framework/page.jsp HTTP/1.1
ERROR [org.apache.jsp.WEB_002dINF.views.framework.panic_jsp] Status: 500
ERROR [org.apache.jsp.WEB_002dINF.views.framework.panic_jsp] Exception: java.lang.AssertionError
ERROR [org.apache.jsp.WEB_002dINF.views.framework.panic_jsp] HTTP GET /Acme-Planner/WEB-INF/views/framework/page.jsp HTTP/1.1
ERROR [org.apache.jsp.WEB_002dINF.views.framework.panic_jsp] Status: 500
ERROR [org.apache.jsp.WEB_002dINF.views.framework.panic_jsp] Exception: java.lang.AssertionError
ERROR [org.apache.jsp.WEB_002dINF.views.framework.panic_jsp] HTTP GET /Acme-Planner/WEB-INF/views/framework/page.jsp HTTP/1.1
ERROR [org.apache.jsp.WEB_002dINF.views.framework.panic_jsp] Status: 500
ERROR [org.apache.jsp.WEB_002dINF.views.framework.panic_jsp] Exception: java.lang.AssertionError
ERROR [org.apache.jsp.WEB_002dINF.views.framework.panic_jsp] HTTP GET /Acme-Planner/WEB-INF/views/framework/page.jsp HTTP/1.1
ERROR [org.apache.jsp.WEB_002dINF.views.framework.panic_jsp] Status: 500
ERROR [org.apache.jsp.WEB_002dINF.views.framework.panic_jsp] Exception: java.lang.AssertionError
ERROR [org.apache.jsp.WEB_002dINF.views.framework.panic_jsp] HTTP GET /Acme-Planner/WEB-INF/views/framework/page.jsp HTTP/1.1
ERROR [org.apache.jsp.WEB_002dINF.views.framework.panic_jsp] Status: 500
ERROR [org.apache.jsp.WEB_002dINF.views.framework.panic_jsp] Exception: java.lang.AssertionError
INFO [acme.Launcher] Starting Launcher using Java 1.8.0_281 on MSI with PID 14344 (C:\Users\pablo\Desktop\UNIVERSIDAD\IS SOFTWARE III\2CUATRI\DPII\Workspace-21.1\Projects\Acme-Planner\target\classes started by pablo in C:\Users\pablo\Desktop\UNIVERSIDAD\IS SOFTWARE III\2CUATRI\DPII\Workspace-21.1\Projects\Acme-Planner)
INFO [acme.Launcher] The following profiles are active: development,populator
INFO [acme.Launcher] Started Launcher in 10.592 seconds (JVM running for 11.283)
INFO [acme.framework.utilities.DatabasePopulator] Populating sample data
INFO [acme.framework.utilities.DatabasePopulator] Recreating schema
INFO [acme.framework.utilities.DatabasePopulator] Populating entities from classpath:/WEB-INF/population/initial-data.xml
INFO [acme.framework.utilities.DatabasePopulator] Validating your entities.
INFO [acme.framework.utilities.DatabasePopulator] Validating anonymousUserAccount ... PASS
INFO [acme.framework.utilities.DatabasePopulator] Validating anonymousAnonymous ... PASS
INFO [acme.framework.utilities.DatabasePopulator] Validating administratorUserAccount ... PASS
INFO [acme.framework.utilities.DatabasePopulator] Validating administratorAdministrator ... PASS
INFO [acme.framework.utilities.DatabasePopulator] Validating administratorAuthenticated ... PASS
INFO [acme.framework.utilities.DatabasePopulator] Sorting your entities topologically.
INFO [acme.framework.utilities.DatabasePopulator] > Setting index 0 for anonymousUserAccount.
INFO [acme.framework.utilities.DatabasePopulator] > Setting index 1 for anonymousAnonymous.
INFO [acme.framework.utilities.DatabasePopulator] > Setting index 2 for administratorUserAccount.
INFO [acme.framework.utilities.DatabasePopulator] > Setting index 3 for administratorAdministrator.
INFO [acme.framework.utilities.DatabasePopulator] > Setting index 4 for administratorAuthenticated.
INFO [acme.framework.utilities.DatabasePopulator] Persiting your entities.
INFO [acme.framework.utilities.DatabasePopulator] > Persisting anonymousUserAccount = acme.framework.entities.UserAccount{id=1, version=0}
INFO [acme.framework.utilities.DatabasePopulator] > Persisting anonymousAnonymous = acme.framework.entities.Anonymous{id=2, version=0}
INFO [acme.framework.utilities.DatabasePopulator] > Persisting administratorUserAccount = acme.framework.entities.UserAccount{id=3, version=0}
INFO [acme.framework.utilities.DatabasePopulator] > Persisting administratorAdministrator = acme.framework.entities.Administrator{id=4, version=0}
INFO [acme.framework.utilities.DatabasePopulator] > Persisting administratorAuthenticated = acme.framework.entities.Authenticated{id=5, version=0}
INFO [acme.framework.utilities.DatabasePopulator] Populating entities from classpath:/WEB-INF/population/sample-data.xml
INFO [acme.framework.utilities.DatabasePopulator] Validating your entities.
INFO [acme.framework.utilities.DatabasePopulator] Validating task1 ... PASS
INFO [acme.framework.utilities.DatabasePopulator] Validating task2 ... PASS
INFO [acme.framework.utilities.DatabasePopulator] Validating task3 ... PASS
INFO [acme.framework.utilities.DatabasePopulator] Validating task4 ... PASS
INFO [acme.framework.utilities.DatabasePopulator] Validating task5 ... PASS
INFO [acme.framework.utilities.DatabasePopulator] Validating shout1 ... PASS
INFO [acme.framework.utilities.DatabasePopulator] Validating shout2 ... PASS
INFO [acme.framework.utilities.DatabasePopulator] Validating shout3 ... PASS
INFO [acme.framework.utilities.DatabasePopulator] Validating shout4 ... PASS
INFO [acme.framework.utilities.DatabasePopulator] Validating shout5 ... PASS
INFO [acme.framework.utilities.DatabasePopulator] Validating shout6 ... PASS
INFO [acme.framework.utilities.DatabasePopulator] Validating shout7 ... PASS
INFO [acme.framework.utilities.DatabasePopulator] Validating shout8 ... PASS
INFO [acme.framework.utilities.DatabasePopulator] Validating shout9 ... PASS
INFO [acme.framework.utilities.DatabasePopulator] Validating shout10 ... PASS
INFO [acme.framework.utilities.DatabasePopulator] Validating shout11 ... PASS
INFO [acme.framework.utilities.DatabasePopulator] Validating spamword1 ... PASS
INFO [acme.framework.utilities.DatabasePopulator] Validating spamword2 ... PASS
INFO [acme.framework.utilities.DatabasePopulator] Validating spamword3 ... PASS
INFO [acme.framework.utilities.DatabasePopulator] Validating spamword4 ... PASS
INFO [acme.framework.utilities.DatabasePopulator] Validating spamword5 ... PASS
INFO [acme.framework.utilities.DatabasePopulator] Validating spamword6 ... PASS
INFO [acme.framework.utilities.DatabasePopulator] Validating spamword7 ... PASS
INFO [acme.framework.utilities.DatabasePopulator] Validating threshold ... PASS
INFO [acme.framework.utilities.DatabasePopulator] Sorting your entities topologically.
INFO [acme.framework.utilities.DatabasePopulator] > Setting index 0 for task1.
INFO [acme.framework.utilities.DatabasePopulator] > Setting index 1 for task2.
INFO [acme.framework.utilities.DatabasePopulator] > Setting index 2 for task3.
INFO [acme.framework.utilities.DatabasePopulator] > Setting index 3 for task4.
INFO [acme.framework.utilities.DatabasePopulator] > Setting index 4 for task5.
INFO [acme.framework.utilities.DatabasePopulator] > Setting index 5 for shout1.
INFO [acme.framework.utilities.DatabasePopulator] > Setting index 6 for shout2.
INFO [acme.framework.utilities.DatabasePopulator] > Setting index 7 for shout3.
INFO [acme.framework.utilities.DatabasePopulator] > Setting index 8 for shout4.
INFO [acme.framework.utilities.DatabasePopulator] > Setting index 9 for shout5.
INFO [acme.framework.utilities.DatabasePopulator] > Setting index 10 for shout6.
INFO [acme.framework.utilities.DatabasePopulator] > Setting index 11 for shout7.
INFO [acme.framework.utilities.DatabasePopulator] > Setting index 12 for shout8.
INFO [acme.framework.utilities.DatabasePopulator] > Setting index 13 for shout9.
INFO [acme.framework.utilities.DatabasePopulator] > Setting index 14 for shout10.
INFO [acme.framework.utilities.DatabasePopulator] > Setting index 15 for shout11.
INFO [acme.framework.utilities.DatabasePopulator] > Setting index 16 for spamword1.
INFO [acme.framework.utilities.DatabasePopulator] > Setting index 17 for spamword2.
INFO [acme.framework.utilities.DatabasePopulator] > Setting index 18 for spamword3.
INFO [acme.framework.utilities.DatabasePopulator] > Setting index 19 for spamword4.
INFO [acme.framework.utilities.DatabasePopulator] > Setting index 20 for spamword5.
INFO [acme.framework.utilities.DatabasePopulator] > Setting index 21 for spamword6.
INFO [acme.framework.utilities.DatabasePopulator] > Setting index 22 for spamword7.
INFO [acme.framework.utilities.DatabasePopulator] > Setting index 23 for threshold.
INFO [acme.framework.utilities.DatabasePopulator] Persiting your entities.
INFO [acme.framework.utilities.DatabasePopulator] > Persisting task1 = Task [title=Barrer la casa, startDate=Mon Aug 09 15:55:00 CEST 2021, endDate=Mon Aug 09 18:55:00 CEST 2021, workFlow=3.0, description=La casa estaba muy sucia, url=https://www.google.com]
INFO [acme.framework.utilities.DatabasePopulator] > Persisting task2 = Task [title=Hacer de comer, startDate=Wed Jun 09 15:55:00 CEST 2021, endDate=Wed Jun 09 19:55:00 CEST 2021, workFlow=4.0, description=Los ni単os tenian mucha hambre, url=https://www.google.com]
INFO [acme.framework.utilities.DatabasePopulator] > Persisting task3 = Task [title=Pintar la habitacion, startDate=Thu Sep 09 15:55:00 CEST 2021, endDate=Thu Sep 09 16:55:00 CEST 2021, workFlow=1.0, description=La pintura estaba gastada, url=https://www.google.com]
INFO [acme.framework.utilities.DatabasePopulator] > Persisting task4 = Task [title=Pintar el coche, startDate=Tue Mar 09 15:55:00 CET 2021, endDate=Tue Mar 09 16:55:00 CET 2021, workFlow=1.0, description=La pintura estaba gastada, url=https://www.google.com]
INFO [acme.framework.utilities.DatabasePopulator] > Persisting task5 = Task [title=Limpiar ba単os, startDate=Wed Jun 09 15:55:00 CEST 2021, endDate=Tue Jun 15 19:55:00 CEST 2021, workFlow=25.0, description=Cambiar toallas y limpiar WC, url=https://www.google.com]
INFO [acme.framework.utilities.DatabasePopulator] > Persisting shout1 = acme.entities.shouts.Shout{id=11, version=0}
INFO [acme.framework.utilities.DatabasePopulator] > Persisting shout2 = acme.entities.shouts.Shout{id=12, version=0}
INFO [acme.framework.utilities.DatabasePopulator] > Persisting shout3 = acme.entities.shouts.Shout{id=13, version=0}
INFO [acme.framework.utilities.DatabasePopulator] > Persisting shout4 = acme.entities.shouts.Shout{id=14, version=0}
INFO [acme.framework.utilities.DatabasePopulator] > Persisting shout5 = acme.entities.shouts.Shout{id=15, version=0}
INFO [acme.framework.utilities.DatabasePopulator] > Persisting shout6 = acme.entities.shouts.Shout{id=16, version=0}
INFO [acme.framework.utilities.DatabasePopulator] > Persisting shout7 = acme.entities.shouts.Shout{id=17, version=0}
INFO [acme.framework.utilities.DatabasePopulator] > Persisting shout8 = acme.entities.shouts.Shout{id=18, version=0}
INFO [acme.framework.utilities.DatabasePopulator] > Persisting shout9 = acme.entities.shouts.Shout{id=19, version=0}
INFO [acme.framework.utilities.DatabasePopulator] > Persisting shout10 = acme.entities.shouts.Shout{id=20, version=0}
INFO [acme.framework.utilities.DatabasePopulator] > Persisting shout11 = acme.entities.shouts.Shout{id=21, version=0}
INFO [acme.framework.utilities.DatabasePopulator] > Persisting spamword1 = acme.entities.spamfilter.SpamWord{id=22, version=0}
INFO [acme.framework.utilities.DatabasePopulator] > Persisting spamword2 = acme.entities.spamfilter.SpamWord{id=23, version=0}
INFO [acme.framework.utilities.DatabasePopulator] > Persisting spamword3 = acme.entities.spamfilter.SpamWord{id=24, version=0}
INFO [acme.framework.utilities.DatabasePopulator] > Persisting spamword4 = acme.entities.spamfilter.SpamWord{id=25, version=0}
INFO [acme.framework.utilities.DatabasePopulator] > Persisting spamword5 = acme.entities.spamfilter.SpamWord{id=26, version=0}
INFO [acme.framework.utilities.DatabasePopulator] > Persisting spamword6 = acme.entities.spamfilter.SpamWord{id=27, version=0}
INFO [acme.framework.utilities.DatabasePopulator] > Persisting spamword7 = acme.entities.spamfilter.SpamWord{id=28, version=0}
INFO [acme.framework.utilities.DatabasePopulator] > Persisting threshold = acme.entities.spamfilter.Threshold{id=29, version=0}
INFO [acme.framework.configuration.ShutdownConfiguration] The system is shutting down...
ERROR [org.apache.jsp.WEB_002dINF.views.framework.panic_jsp] HTTP GET /Acme-Planner/WEB-INF/views/framework/page.jsp HTTP/1.1
ERROR [org.apache.jsp.WEB_002dINF.views.framework.panic_jsp] Status: 404
ERROR [org.apache.jsp.WEB_002dINF.views.framework.panic_jsp] HTTP GET /Acme-Planner/WEB-INF/views/framework/page.jsp HTTP/1.1
ERROR [org.apache.jsp.WEB_002dINF.views.framework.panic_jsp] Status: 404
ERROR [org.apache.jsp.WEB_002dINF.views.framework.panic_jsp] HTTP GET /Acme-Planner/WEB-INF/views/framework/page.jsp HTTP/1.1
ERROR [org.apache.jsp.WEB_002dINF.views.framework.panic_jsp] Status: 404
ERROR [org.apache.jsp.WEB_002dINF.views.framework.panic_jsp] HTTP GET /Acme-Planner/WEB-INF/views/framework/page.jsp HTTP/1.1
ERROR [org.apache.jsp.WEB_002dINF.views.framework.panic_jsp] Status: 404
ERROR [org.apache.jsp.WEB_002dINF.views.framework.panic_jsp] HTTP GET /Acme-Planner/WEB-INF/views/framework/page.jsp HTTP/1.1
ERROR [org.apache.jsp.WEB_002dINF.views.framework.panic_jsp] Status: 404
ERROR [org.apache.jsp.WEB_002dINF.views.framework.panic_jsp] HTTP GET /Acme-Planner/WEB-INF/views/framework/page.jsp HTTP/1.1
ERROR [org.apache.jsp.WEB_002dINF.views.framework.panic_jsp] Status: 404
ERROR [org.apache.jsp.WEB_002dINF.views.framework.panic_jsp] HTTP GET /Acme-Planner/WEB-INF/views/framework/page.jsp HTTP/1.1
ERROR [org.apache.jsp.WEB_002dINF.views.framework.panic_jsp] Status: 404
ERROR [org.apache.jsp.WEB_002dINF.views.framework.panic_jsp] HTTP GET /Acme-Planner/WEB-INF/views/framework/page.jsp HTTP/1.1
ERROR [org.apache.jsp.WEB_002dINF.views.framework.panic_jsp] Status: 404
ERROR [org.apache.jsp.WEB_002dINF.views.framework.panic_jsp] HTTP GET /Acme-Planner/WEB-INF/views/framework/page.jsp HTTP/1.1
ERROR [org.apache.jsp.WEB_002dINF.views.framework.panic_jsp] Status: 404
ERROR [org.apache.jsp.WEB_002dINF.views.framework.panic_jsp] HTTP GET /Acme-Planner/WEB-INF/views/framework/page.jsp HTTP/1.1
ERROR [org.apache.jsp.WEB_002dINF.views.framework.panic_jsp] Status: 404
ERROR [org.apache.jsp.WEB_002dINF.views.framework.panic_jsp] HTTP GET /Acme-Planner/WEB-INF/views/framework/page.jsp HTTP/1.1
ERROR [org.apache.jsp.WEB_002dINF.views.framework.panic_jsp] Status: 404
ERROR [org.apache.catalina.core.ContainerBase.[Tomcat].[localhost].[/Acme-Planner].[dispatcherServlet]] at acme.framework.utilities.RememberMeLogoutHandler.logout(RememberMeLogoutHandler.java:31): java.lang.AssertionError
ERROR [org.apache.jsp.WEB_002dINF.views.framework.panic_jsp] HTTP GET /Acme-Planner/WEB-INF/views/framework/page.jsp HTTP/1.1
ERROR [org.apache.jsp.WEB_002dINF.views.framework.panic_jsp] Status: 500
ERROR [org.apache.jsp.WEB_002dINF.views.framework.panic_jsp] Exception: org.apache.catalina.core.ApplicationFilterChain.internalDoFilter(ApplicationFilterChain.java:200): Filter execution threw an exception
java.lang.AssertionError
ERROR [org.apache.jsp.WEB_002dINF.views.framework.panic_jsp] HTTP GET /Acme-Planner/WEB-INF/views/framework/page.jsp HTTP/1.1
ERROR [org.apache.jsp.WEB_002dINF.views.framework.panic_jsp] Status: 404
ERROR [org.apache.jsp.WEB_002dINF.views.framework.panic_jsp] HTTP GET /Acme-Planner/WEB-INF/views/framework/page.jsp HTTP/1.1
ERROR [org.apache.jsp.WEB_002dINF.views.framework.panic_jsp] Status: 404
ERROR [org.apache.jsp.WEB_002dINF.views.framework.panic_jsp] HTTP GET /Acme-Planner/WEB-INF/views/framework/page.jsp HTTP/1.1
ERROR [org.apache.jsp.WEB_002dINF.views.framework.panic_jsp] Status: 404
